09-30-21
/temp/EclipseNewSkuStylePackaging_20210927.txt
/temp/EclipseUpdateSkuStylePackaging_20210929.txt
/temp/ErpSkuUpdated_20210921.txt
/temp/EclipseNewSkuStylePackaging_20210923.txt
/temp/ErpSkuNew_20210922.txt
/temp/ErpSkuNew_20210928.txt
/temp/ErpSkuUpdated_20210922.txt
/temp/ErpSkuNew_20210927.txt
/temp/EclipseNewSkuStylePackaging_20210928.txt
/temp/ErpSkuNew_20210923.txt
/temp/EclipseNewSkuStylePackaging_20210929.txt
/temp/ErpSkuNew_20210921.txt
/temp/EclipseUpdateSkuStylePackaging_20210927.txt
/temp/EclipseNewSkuStylePackaging_20210922.txt
/temp/ErpSkuNew_20210929.txt
/temp/ErpSkuUpdated_20210929.txt
/temp/EclipseNewSkuStylePackaging_20210921.txt
/temp/ErpSkuUpdated_20210924.txt
/temp/EclipseUpdateSkuStylePackaging_20210921.txt
/temp/EclipseUpdateSkuStylePackaging_20210924.txt
/temp/ErpSkuUpdated_20210923.txt
/temp/ErpSkuUpdated_20210928.txt
/temp/EclipseUpdateSkuStylePackaging_20210922.txt
/temp/ErpSkuNew_20210924.txt
/temp/EclipseUpdateSkuStylePackaging_20210928.txt
/temp/ErpSkuUpdated_20210927.txt
/temp/EclipseNewSkuStylePackaging_20210924.txt
/temp/EclipseUpdateSkuStylePackaging_20210923.txt
PIP_IREF_IMPORT_20210930.csv
PIP_IREF_IMPORT_20210928.csv
PIP_IREF_IMPORT_20210929.csv
PIP_IREF_IMPORT_20210924.csv
PIP_IREF_IMPORT_20210923.csv
